1675358039.791614 client started (332449): version 3.3a, socket /tmp/tmux-0/default, protocol 8
1675358039.791650 on Linux 6.0.0-kali6-amd64 #1 SMP PREEMPT_DYNAMIC Debian 6.0.12-1kali1 (2022-12-19)
1675358039.791661 using libevent 2.1.12-stable (poll); ncurses 6.3
1675358039.791679 flags are 0x10010000
1675358039.791685 socket is /tmp/tmux-0/default
1675358039.791703 trying connect
1675358039.791765 add peer 0x5561febe2c00: 6 ((nil))
1675358039.792146 sending message 100 to peer 0x5561febe2c00 (4 bytes)
1675358039.792165 sending message 111 to peer 0x5561febe2c00 (8 bytes)
1675358039.792174 sending message 101 to peer 0x5561febe2c00 (14 bytes)
1675358039.792180 sending message 109 to peer 0x5561febe2c00 (4 bytes)
1675358039.792189 sending message 102 to peer 0x5561febe2c00 (11 bytes)
1675358039.792195 sending message 108 to peer 0x5561febe2c00 (44 bytes)
1675358039.792202 sending message 112 to peer 0x5561febe2c00 (70 bytes)
1675358039.792208 sending message 112 to peer 0x5561febe2c00 (5 bytes)
1675358039.792215 sending message 112 to peer 0x5561febe2c00 (5 bytes)
1675358039.792222 sending message 112 to peer 0x5561febe2c00 (6 bytes)
1675358039.792228 sending message 112 to peer 0x5561febe2c00 (6 bytes)
1675358039.792256 sending message 112 to peer 0x5561febe2c00 (11 bytes)
1675358039.792266 sending message 112 to peer 0x5561febe2c00 (10 bytes)
1675358039.792274 sending message 112 to peer 0x5561febe2c00 (13 bytes)
1675358039.792280 sending message 112 to peer 0x5561febe2c00 (13 bytes)
1675358039.792287 sending message 112 to peer 0x5561febe2c00 (18 bytes)
1675358039.792292 sending message 112 to peer 0x5561febe2c00 (11 bytes)
1675358039.792299 sending message 112 to peer 0x5561febe2c00 (10 bytes)
1675358039.792308 sending message 112 to peer 0x5561febe2c00 (15 bytes)
1675358039.792314 sending message 112 to peer 0x5561febe2c00 (21 bytes)
1675358039.792321 sending message 112 to peer 0x5561febe2c00 (13 bytes)
1675358039.792328 sending message 112 to peer 0x5561febe2c00 (7 bytes)
1675358039.792336 sending message 112 to peer 0x5561febe2c00 (13 bytes)
1675358039.792343 sending message 112 to peer 0x5561febe2c00 (7 bytes)
1675358039.792350 sending message 112 to peer 0x5561febe2c00 (13 bytes)
1675358039.792357 sending message 112 to peer 0x5561febe2c00 (9 bytes)
1675358039.792364 sending message 112 to peer 0x5561febe2c00 (21 bytes)
1675358039.792371 sending message 112 to peer 0x5561febe2c00 (13 bytes)
1675358039.792378 sending message 112 to peer 0x5561febe2c00 (8 bytes)
1675358039.792384 sending message 112 to peer 0x5561febe2c00 (12 bytes)
1675358039.792390 sending message 112 to peer 0x5561febe2c00 (13 bytes)
1675358039.792397 sending message 112 to peer 0x5561febe2c00 (9 bytes)
1675358039.792404 sending message 112 to peer 0x5561febe2c00 (9 bytes)
1675358039.792410 sending message 112 to peer 0x5561febe2c00 (12 bytes)
1675358039.792416 sending message 112 to peer 0x5561febe2c00 (8 bytes)
1675358039.792423 sending message 112 to peer 0x5561febe2c00 (8 bytes)
1675358039.792431 sending message 112 to peer 0x5561febe2c00 (7 bytes)
1675358039.792437 sending message 112 to peer 0x5561febe2c00 (7 bytes)
1675358039.792444 sending message 112 to peer 0x5561febe2c00 (9 bytes)
1675358039.792451 sending message 112 to peer 0x5561febe2c00 (13 bytes)
1675358039.792457 sending message 112 to peer 0x5561febe2c00 (6 bytes)
1675358039.792463 sending message 112 to peer 0x5561febe2c00 (9 bytes)
1675358039.792470 sending message 112 to peer 0x5561febe2c00 (15 bytes)
1675358039.792477 sending message 112 to peer 0x5561febe2c00 (13 bytes)
1675358039.792483 sending message 112 to peer 0x5561febe2c00 (12 bytes)
1675358039.792489 sending message 112 to peer 0x5561febe2c00 (8 bytes)
1675358039.792496 sending message 112 to peer 0x5561febe2c00 (14 bytes)
1675358039.792503 sending message 112 to peer 0x5561febe2c00 (11 bytes)
1675358039.792509 sending message 112 to peer 0x5561febe2c00 (9 bytes)
1675358039.792517 sending message 112 to peer 0x5561febe2c00 (10 bytes)
1675358039.792524 sending message 112 to peer 0x5561febe2c00 (10 bytes)
1675358039.792531 sending message 112 to peer 0x5561febe2c00 (10 bytes)
1675358039.792549 sending message 112 to peer 0x5561febe2c00 (10 bytes)
1675358039.792558 sending message 112 to peer 0x5561febe2c00 (11 bytes)
1675358039.792563 sending message 112 to peer 0x5561febe2c00 (12 bytes)
1675358039.792570 sending message 112 to peer 0x5561febe2c00 (12 bytes)
1675358039.792576 sending message 112 to peer 0x5561febe2c00 (12 bytes)
1675358039.792582 sending message 112 to peer 0x5561febe2c00 (12 bytes)
1675358039.792590 sending message 112 to peer 0x5561febe2c00 (12 bytes)
1675358039.792598 sending message 112 to peer 0x5561febe2c00 (11 bytes)
1675358039.792605 sending message 112 to peer 0x5561febe2c00 (11 bytes)
1675358039.792612 sending message 112 to peer 0x5561febe2c00 (12 bytes)
1675358039.792618 sending message 112 to peer 0x5561febe2c00 (12 bytes)
1675358039.792624 sending message 112 to peer 0x5561febe2c00 (12 bytes)
1675358039.792632 sending message 112 to peer 0x5561febe2c00 (12 bytes)
1675358039.792638 sending message 112 to peer 0x5561febe2c00 (12 bytes)
1675358039.792645 sending message 112 to peer 0x5561febe2c00 (10 bytes)
1675358039.792652 sending message 112 to peer 0x5561febe2c00 (12 bytes)
1675358039.792660 sending message 112 to peer 0x5561febe2c00 (13 bytes)
1675358039.792666 sending message 112 to peer 0x5561febe2c00 (13 bytes)
1675358039.792671 sending message 112 to peer 0x5561febe2c00 (13 bytes)
1675358039.792678 sending message 112 to peer 0x5561febe2c00 (13 bytes)
1675358039.792684 sending message 112 to peer 0x5561febe2c00 (13 bytes)
1675358039.792691 sending message 112 to peer 0x5561febe2c00 (8 bytes)
1675358039.792698 sending message 112 to peer 0x5561febe2c00 (11 bytes)
1675358039.792705 sending message 112 to peer 0x5561febe2c00 (11 bytes)
1675358039.792710 sending message 112 to peer 0x5561febe2c00 (11 bytes)
1675358039.792717 sending message 112 to peer 0x5561febe2c00 (12 bytes)
1675358039.792724 sending message 112 to peer 0x5561febe2c00 (12 bytes)
1675358039.792731 sending message 112 to peer 0x5561febe2c00 (12 bytes)
1675358039.792737 sending message 112 to peer 0x5561febe2c00 (12 bytes)
1675358039.792743 sending message 112 to peer 0x5561febe2c00 (13 bytes)
1675358039.792751 sending message 112 to peer 0x5561febe2c00 (13 bytes)
1675358039.792757 sending message 112 to peer 0x5561febe2c00 (13 bytes)
1675358039.792763 sending message 112 to peer 0x5561febe2c00 (8 bytes)
1675358039.792769 sending message 112 to peer 0x5561febe2c00 (13 bytes)
1675358039.792777 sending message 112 to peer 0x5561febe2c00 (13 bytes)
1675358039.792783 sending message 112 to peer 0x5561febe2c00 (13 bytes)
1675358039.792789 sending message 112 to peer 0x5561febe2c00 (13 bytes)
1675358039.792795 sending message 112 to peer 0x5561febe2c00 (13 bytes)
1675358039.792803 sending message 112 to peer 0x5561febe2c00 (12 bytes)
1675358039.792809 sending message 112 to peer 0x5561febe2c00 (12 bytes)
1675358039.792815 sending message 112 to peer 0x5561febe2c00 (12 bytes)
1675358039.792821 sending message 112 to peer 0x5561febe2c00 (12 bytes)
1675358039.792829 sending message 112 to peer 0x5561febe2c00 (13 bytes)
1675358039.792835 sending message 112 to peer 0x5561febe2c00 (8 bytes)
1675358039.792841 sending message 112 to peer 0x5561febe2c00 (13 bytes)
1675358039.792848 sending message 112 to peer 0x5561febe2c00 (13 bytes)
1675358039.792855 sending message 112 to peer 0x5561febe2c00 (13 bytes)
1675358039.792861 sending message 112 to peer 0x5561febe2c00 (13 bytes)
1675358039.792867 sending message 112 to peer 0x5561febe2c00 (13 bytes)
1675358039.792873 sending message 112 to peer 0x5561febe2c00 (13 bytes)
1675358039.792881 sending message 112 to peer 0x5561febe2c00 (13 bytes)
1675358039.792887 sending message 112 to peer 0x5561febe2c00 (12 bytes)
1675358039.792893 sending message 112 to peer 0x5561febe2c00 (12 bytes)
1675358039.792900 sending message 112 to peer 0x5561febe2c00 (12 bytes)
1675358039.792907 sending message 112 to peer 0x5561febe2c00 (8 bytes)
1675358039.792913 sending message 112 to peer 0x5561febe2c00 (12 bytes)
1675358039.792921 sending message 112 to peer 0x5561febe2c00 (13 bytes)
1675358039.792933 sending message 112 to peer 0x5561febe2c00 (13 bytes)
1675358039.792939 sending message 112 to peer 0x5561febe2c00 (13 bytes)
1675358039.792946 sending message 112 to peer 0x5561febe2c00 (13 bytes)
1675358039.792952 sending message 112 to peer 0x5561febe2c00 (13 bytes)
1675358039.792958 sending message 112 to peer 0x5561febe2c00 (13 bytes)
1675358039.792964 sending message 112 to peer 0x5561febe2c00 (13 bytes)
1675358039.792972 sending message 112 to peer 0x5561febe2c00 (13 bytes)
1675358039.792978 sending message 112 to peer 0x5561febe2c00 (12 bytes)
1675358039.792985 sending message 112 to peer 0x5561febe2c00 (10 bytes)
1675358039.792992 sending message 112 to peer 0x5561febe2c00 (12 bytes)
1675358039.792998 sending message 112 to peer 0x5561febe2c00 (12 bytes)
1675358039.793006 sending message 112 to peer 0x5561febe2c00 (12 bytes)
1675358039.793012 sending message 112 to peer 0x5561febe2c00 (13 bytes)
1675358039.793018 sending message 112 to peer 0x5561febe2c00 (13 bytes)
1675358039.793026 sending message 112 to peer 0x5561febe2c00 (13 bytes)
1675358039.793032 sending message 112 to peer 0x5561febe2c00 (13 bytes)
1675358039.793040 sending message 112 to peer 0x5561febe2c00 (13 bytes)
1675358039.793047 sending message 112 to peer 0x5561febe2c00 (13 bytes)
1675358039.793056 sending message 112 to peer 0x5561febe2c00 (13 bytes)
1675358039.793064 sending message 112 to peer 0x5561febe2c00 (10 bytes)
1675358039.793071 sending message 112 to peer 0x5561febe2c00 (13 bytes)
1675358039.793078 sending message 112 to peer 0x5561febe2c00 (12 bytes)
1675358039.793083 sending message 112 to peer 0x5561febe2c00 (12 bytes)
1675358039.793091 sending message 112 to peer 0x5561febe2c00 (12 bytes)
1675358039.793098 sending message 112 to peer 0x5561febe2c00 (10 bytes)
1675358039.793105 sending message 112 to peer 0x5561febe2c00 (10 bytes)
1675358039.793111 sending message 112 to peer 0x5561febe2c00 (10 bytes)
1675358039.793117 sending message 112 to peer 0x5561febe2c00 (12 bytes)
1675358039.793125 sending message 112 to peer 0x5561febe2c00 (13 bytes)
1675358039.793132 sending message 112 to peer 0x5561febe2c00 (13 bytes)
1675358039.793142 sending message 112 to peer 0x5561febe2c00 (13 bytes)
1675358039.793150 sending message 112 to peer 0x5561febe2c00 (13 bytes)
1675358039.793155 sending message 112 to peer 0x5561febe2c00 (13 bytes)
1675358039.793163 sending message 112 to peer 0x5561febe2c00 (11 bytes)
1675358039.793169 sending message 112 to peer 0x5561febe2c00 (11 bytes)
1675358039.793177 sending message 112 to peer 0x5561febe2c00 (12 bytes)
1675358039.793184 sending message 112 to peer 0x5561febe2c00 (12 bytes)
1675358039.793190 sending message 112 to peer 0x5561febe2c00 (12 bytes)
1675358039.793198 sending message 112 to peer 0x5561febe2c00 (12 bytes)
1675358039.793204 sending message 112 to peer 0x5561febe2c00 (12 bytes)
1675358039.793211 sending message 112 to peer 0x5561febe2c00 (11 bytes)
1675358039.793218 sending message 112 to peer 0x5561febe2c00 (12 bytes)
1675358039.793233 sending message 112 to peer 0x5561febe2c00 (12 bytes)
1675358039.793239 sending message 112 to peer 0x5561febe2c00 (13 bytes)
1675358039.793246 sending message 112 to peer 0x5561febe2c00 (13 bytes)
1675358039.793260 sending message 112 to peer 0x5561febe2c00 (13 bytes)
1675358039.793269 sending message 112 to peer 0x5561febe2c00 (13 bytes)
1675358039.793275 sending message 112 to peer 0x5561febe2c00 (13 bytes)
1675358039.793291 sending message 112 to peer 0x5561febe2c00 (10 bytes)
1675358039.793301 sending message 112 to peer 0x5561febe2c00 (9 bytes)
1675358039.793307 sending message 112 to peer 0x5561febe2c00 (12 bytes)
1675358039.793323 sending message 112 to peer 0x5561febe2c00 (13 bytes)
1675358039.793330 sending message 112 to peer 0x5561febe2c00 (13 bytes)
1675358039.793339 sending message 112 to peer 0x5561febe2c00 (13 bytes)
1675358039.793345 sending message 112 to peer 0x5561febe2c00 (13 bytes)
1675358039.793360 sending message 112 to peer 0x5561febe2c00 (13 bytes)
1675358039.793373 sending message 112 to peer 0x5561febe2c00 (9 bytes)
1675358039.793381 sending message 112 to peer 0x5561febe2c00 (12 bytes)
1675358039.793387 sending message 112 to peer 0x5561febe2c00 (13 bytes)
1675358039.793395 sending message 112 to peer 0x5561febe2c00 (13 bytes)
1675358039.793401 sending message 112 to peer 0x5561febe2c00 (13 bytes)
1675358039.793407 sending message 112 to peer 0x5561febe2c00 (13 bytes)
1675358039.793414 sending message 112 to peer 0x5561febe2c00 (13 bytes)
1675358039.793420 sending message 112 to peer 0x5561febe2c00 (11 bytes)
1675358039.793427 sending message 112 to peer 0x5561febe2c00 (12 bytes)
1675358039.793442 sending message 112 to peer 0x5561febe2c00 (13 bytes)
1675358039.793458 sending message 112 to peer 0x5561febe2c00 (13 bytes)
1675358039.793465 sending message 112 to peer 0x5561febe2c00 (13 bytes)
1675358039.793471 sending message 112 to peer 0x5561febe2c00 (13 bytes)
1675358039.793477 sending message 112 to peer 0x5561febe2c00 (13 bytes)
1675358039.793491 sending message 112 to peer 0x5561febe2c00 (11 bytes)
1675358039.793499 sending message 112 to peer 0x5561febe2c00 (12 bytes)
1675358039.793506 sending message 112 to peer 0x5561febe2c00 (12 bytes)
1675358039.793512 sending message 112 to peer 0x5561febe2c00 (12 bytes)
1675358039.793527 sending message 112 to peer 0x5561febe2c00 (12 bytes)
1675358039.793534 sending message 112 to peer 0x5561febe2c00 (12 bytes)
1675358039.793549 sending message 112 to peer 0x5561febe2c00 (21 bytes)
1675358039.793556 sending message 112 to peer 0x5561febe2c00 (12 bytes)
1675358039.793561 sending message 112 to peer 0x5561febe2c00 (9 bytes)
1675358039.793569 sending message 112 to peer 0x5561febe2c00 (6 bytes)
1675358039.793575 sending message 112 to peer 0x5561febe2c00 (13 bytes)
1675358039.793590 sending message 112 to peer 0x5561febe2c00 (8 bytes)
1675358039.793597 sending message 112 to peer 0x5561febe2c00 (15 bytes)
1675358039.793610 sending message 112 to peer 0x5561febe2c00 (13 bytes)
1675358039.793624 sending message 112 to peer 0x5561febe2c00 (9 bytes)
1675358039.793630 sending message 112 to peer 0x5561febe2c00 (70 bytes)
1675358039.793640 sending message 112 to peer 0x5561febe2c00 (69 bytes)
1675358039.793646 sending message 112 to peer 0x5561febe2c00 (10 bytes)
1675358039.793658 sending message 112 to peer 0x5561febe2c00 (10 bytes)
1675358039.793664 sending message 112 to peer 0x5561febe2c00 (8 bytes)
1675358039.793670 sending message 112 to peer 0x5561febe2c00 (15 bytes)
1675358039.793676 sending message 112 to peer 0x5561febe2c00 (13 bytes)
1675358039.793691 sending message 112 to peer 0x5561febe2c00 (10 bytes)
1675358039.793699 sending message 112 to peer 0x5561febe2c00 (10 bytes)
1675358039.793705 sending message 112 to peer 0x5561febe2c00 (17 bytes)
1675358039.793721 sending message 112 to peer 0x5561febe2c00 (10 bytes)
1675358039.793728 sending message 112 to peer 0x5561febe2c00 (13 bytes)
1675358039.793737 sending message 112 to peer 0x5561febe2c00 (9 bytes)
1675358039.793747 sending message 112 to peer 0x5561febe2c00 (5 bytes)
1675358039.793755 sending message 112 to peer 0x5561febe2c00 (15 bytes)
1675358039.793764 sending message 104 to peer 0x5561febe2c00 (0 bytes)
1675358039.793770 sending message 110 to peer 0x5561febe2c00 (0 bytes)
1675358039.793777 sending message 107 to peer 0x5561febe2c00 (4 bytes)
1675358039.793783 sending message 105 to peer 0x5561febe2c00 (16 bytes)
1675358039.793793 sending message 105 to peer 0x5561febe2c00 (32 bytes)
1675358039.793800 sending message 105 to peer 0x5561febe2c00 (78 bytes)
1675358039.793808 sending message 105 to peer 0x5561febe2c00 (19 bytes)
1675358039.793814 sending message 105 to peer 0x5561febe2c00 (20 bytes)
1675358039.793822 sending message 105 to peer 0x5561febe2c00 (8 bytes)
1675358039.793828 sending message 105 to peer 0x5561febe2c00 (23 bytes)
1675358039.793843 sending message 105 to peer 0x5561febe2c00 (26 bytes)
1675358039.793857 sending message 105 to peer 0x5561febe2c00 (44 bytes)
1675358039.793866 sending message 105 to peer 0x5561febe2c00 (32 bytes)
1675358039.793873 sending message 105 to peer 0x5561febe2c00 (27 bytes)
1675358039.793887 sending message 105 to peer 0x5561febe2c00 (10 bytes)
1675358039.793901 sending message 105 to peer 0x5561febe2c00 (18 bytes)
1675358039.793909 sending message 105 to peer 0x5561febe2c00 (30 bytes)
1675358039.793914 sending message 105 to peer 0x5561febe2c00 (38 bytes)
1675358039.793924 sending message 105 to peer 0x5561febe2c00 (30 bytes)
1675358039.793930 sending message 105 to peer 0x5561febe2c00 (45 bytes)
1675358039.793945 sending message 105 to peer 0x5561febe2c00 (20 bytes)
1675358039.793962 sending message 105 to peer 0x5561febe2c00 (22 bytes)
1675358039.793972 sending message 105 to peer 0x5561febe2c00 (19 bytes)
1675358039.793979 sending message 105 to peer 0x5561febe2c00 (22 bytes)
1675358039.793986 sending message 105 to peer 0x5561febe2c00 (28 bytes)
1675358039.793993 sending message 105 to peer 0x5561febe2c00 (30 bytes)
1675358039.794006 sending message 105 to peer 0x5561febe2c00 (48 bytes)
1675358039.794014 sending message 105 to peer 0x5561febe2c00 (26 bytes)
1675358039.794023 sending message 105 to peer 0x5561febe2c00 (13 bytes)
1675358039.794029 sending message 105 to peer 0x5561febe2c00 (27 bytes)
1675358039.794037 sending message 105 to peer 0x5561febe2c00 (21 bytes)
1675358039.794043 sending message 105 to peer 0x5561febe2c00 (49 bytes)
1675358039.794050 sending message 105 to peer 0x5561febe2c00 (22 bytes)
1675358039.794057 sending message 105 to peer 0x5561febe2c00 (38 bytes)
1675358039.794063 sending message 105 to peer 0x5561febe2c00 (13 bytes)
1675358039.794078 sending message 105 to peer 0x5561febe2c00 (35 bytes)
1675358039.794086 sending message 105 to peer 0x5561febe2c00 (15 bytes)
1675358039.794094 sending message 105 to peer 0x5561febe2c00 (11 bytes)
1675358039.794101 sending message 105 to peer 0x5561febe2c00 (14 bytes)
1675358039.794107 sending message 105 to peer 0x5561febe2c00 (11 bytes)
1675358039.794114 sending message 105 to peer 0x5561febe2c00 (1764 bytes)
1675358039.794136 sending message 105 to peer 0x5561febe2c00 (26 bytes)
1675358039.794152 sending message 105 to peer 0x5561febe2c00 (17 bytes)
1675358039.794162 sending message 105 to peer 0x5561febe2c00 (29 bytes)
1675358039.794168 sending message 105 to peer 0x5561febe2c00 (47 bytes)
1675358039.794175 sending message 105 to peer 0x5561febe2c00 (16 bytes)
1675358039.794181 sending message 105 to peer 0x5561febe2c00 (34 bytes)
1675358039.794189 sending message 105 to peer 0x5561febe2c00 (23 bytes)
1675358039.794196 sending message 105 to peer 0x5561febe2c00 (19 bytes)
1675358039.794202 sending message 105 to peer 0x5561febe2c00 (32 bytes)
1675358039.794209 sending message 105 to peer 0x5561febe2c00 (10 bytes)
1675358039.794217 sending message 105 to peer 0x5561febe2c00 (13 bytes)
1675358039.794223 sending message 105 to peer 0x5561febe2c00 (11 bytes)
1675358039.794228 sending message 105 to peer 0x5561febe2c00 (8 bytes)
1675358039.794240 sending message 105 to peer 0x5561febe2c00 (11 bytes)
1675358039.794248 sending message 105 to peer 0x5561febe2c00 (18 bytes)
1675358039.794254 sending message 105 to peer 0x5561febe2c00 (85 bytes)
1675358039.794270 sending message 105 to peer 0x5561febe2c00 (46 bytes)
1675358039.794283 sending message 105 to peer 0x5561febe2c00 (15 bytes)
1675358039.794291 sending message 105 to peer 0x5561febe2c00 (28 bytes)
1675358039.794302 sending message 105 to peer 0x5561febe2c00 (30 bytes)
1675358039.794310 sending message 105 to peer 0x5561febe2c00 (23 bytes)
1675358039.794321 sending message 105 to peer 0x5561febe2c00 (61 bytes)
1675358039.794328 sending message 105 to peer 0x5561febe2c00 (103 bytes)
1675358039.794335 sending message 105 to peer 0x5561febe2c00 (46 bytes)
1675358039.794342 sending message 105 to peer 0x5561febe2c00 (17 bytes)
1675358039.794348 sending message 105 to peer 0x5561febe2c00 (14 bytes)
1675358039.794353 sending message 105 to peer 0x5561febe2c00 (89 bytes)
1675358039.794360 sending message 105 to peer 0x5561febe2c00 (67 bytes)
1675358039.794376 sending message 105 to peer 0x5561febe2c00 (21 bytes)
1675358039.794392 sending message 105 to peer 0x5561febe2c00 (18 bytes)
1675358039.794408 sending message 105 to peer 0x5561febe2c00 (16 bytes)
1675358039.794420 sending message 105 to peer 0x5561febe2c00 (40 bytes)
1675358039.794431 sending message 106 to peer 0x5561febe2c00 (0 bytes)
1675358039.794520 sending message 200 to peer 0x5561febe2c00 (4 bytes)
1675358039.794532 client loop enter
1675358039.795025 peer 0x5561febe2c00 message 303
1675358039.795038 open write file 2 -
1675358039.795051 sending message 305 to peer 0x5561febe2c00 (8 bytes)
1675358039.795065 write check file 2
1675358039.795187 peer 0x5561febe2c00 message 304
1675358039.795201 write 58 to file 2
1675358039.795211 peer 0x5561febe2c00 message 203
1675358039.795217 file 2 58 bytes left
1675358039.795234 write check file 2
1675358039.795240 client loop exit
