1675358022.664913 client started (332035): version 3.3a, socket /tmp/tmux-0/default, protocol 8
1675358022.664974 on Linux 6.0.0-kali6-amd64 #1 SMP PREEMPT_DYNAMIC Debian 6.0.12-1kali1 (2022-12-19)
1675358022.664990 using libevent 2.1.12-stable (poll); ncurses 6.3
1675358022.665025 flags are 0x10010000
1675358022.665038 socket is /tmp/tmux-0/default
1675358022.665064 trying connect
1675358022.665194 add peer 0x557877ee9c00: 6 ((nil))
1675358022.665780 sending message 100 to peer 0x557877ee9c00 (4 bytes)
1675358022.665807 sending message 111 to peer 0x557877ee9c00 (8 bytes)
1675358022.665822 sending message 101 to peer 0x557877ee9c00 (14 bytes)
1675358022.665834 sending message 109 to peer 0x557877ee9c00 (4 bytes)
1675358022.665846 sending message 102 to peer 0x557877ee9c00 (11 bytes)
1675358022.665860 sending message 108 to peer 0x557877ee9c00 (44 bytes)
1675358022.665870 sending message 112 to peer 0x557877ee9c00 (70 bytes)
1675358022.665883 sending message 112 to peer 0x557877ee9c00 (5 bytes)
1675358022.665896 sending message 112 to peer 0x557877ee9c00 (5 bytes)
1675358022.665909 sending message 112 to peer 0x557877ee9c00 (6 bytes)
1675358022.665922 sending message 112 to peer 0x557877ee9c00 (6 bytes)
1675358022.665934 sending message 112 to peer 0x557877ee9c00 (11 bytes)
1675358022.665947 sending message 112 to peer 0x557877ee9c00 (10 bytes)
1675358022.665958 sending message 112 to peer 0x557877ee9c00 (13 bytes)
1675358022.665973 sending message 112 to peer 0x557877ee9c00 (13 bytes)
1675358022.665993 sending message 112 to peer 0x557877ee9c00 (18 bytes)
1675358022.666012 sending message 112 to peer 0x557877ee9c00 (11 bytes)
1675358022.666027 sending message 112 to peer 0x557877ee9c00 (10 bytes)
1675358022.666043 sending message 112 to peer 0x557877ee9c00 (15 bytes)
1675358022.666060 sending message 112 to peer 0x557877ee9c00 (21 bytes)
1675358022.666080 sending message 112 to peer 0x557877ee9c00 (13 bytes)
1675358022.666103 sending message 112 to peer 0x557877ee9c00 (7 bytes)
1675358022.666122 sending message 112 to peer 0x557877ee9c00 (13 bytes)
1675358022.666138 sending message 112 to peer 0x557877ee9c00 (7 bytes)
1675358022.666154 sending message 112 to peer 0x557877ee9c00 (13 bytes)
1675358022.666172 sending message 112 to peer 0x557877ee9c00 (9 bytes)
1675358022.666187 sending message 112 to peer 0x557877ee9c00 (21 bytes)
1675358022.666206 sending message 112 to peer 0x557877ee9c00 (13 bytes)
1675358022.666222 sending message 112 to peer 0x557877ee9c00 (8 bytes)
1675358022.666239 sending message 112 to peer 0x557877ee9c00 (12 bytes)
1675358022.666257 sending message 112 to peer 0x557877ee9c00 (13 bytes)
1675358022.666272 sending message 112 to peer 0x557877ee9c00 (9 bytes)
1675358022.666290 sending message 112 to peer 0x557877ee9c00 (9 bytes)
1675358022.666307 sending message 112 to peer 0x557877ee9c00 (12 bytes)
1675358022.666322 sending message 112 to peer 0x557877ee9c00 (8 bytes)
1675358022.666339 sending message 112 to peer 0x557877ee9c00 (8 bytes)
1675358022.666370 sending message 112 to peer 0x557877ee9c00 (7 bytes)
1675358022.666386 sending message 112 to peer 0x557877ee9c00 (7 bytes)
1675358022.666400 sending message 112 to peer 0x557877ee9c00 (9 bytes)
1675358022.666412 sending message 112 to peer 0x557877ee9c00 (13 bytes)
1675358022.666427 sending message 112 to peer 0x557877ee9c00 (6 bytes)
1675358022.666442 sending message 112 to peer 0x557877ee9c00 (9 bytes)
1675358022.666456 sending message 112 to peer 0x557877ee9c00 (15 bytes)
1675358022.666469 sending message 112 to peer 0x557877ee9c00 (13 bytes)
1675358022.666483 sending message 112 to peer 0x557877ee9c00 (12 bytes)
1675358022.666503 sending message 112 to peer 0x557877ee9c00 (8 bytes)
1675358022.666517 sending message 112 to peer 0x557877ee9c00 (14 bytes)
1675358022.666531 sending message 112 to peer 0x557877ee9c00 (11 bytes)
1675358022.666544 sending message 112 to peer 0x557877ee9c00 (9 bytes)
1675358022.666557 sending message 112 to peer 0x557877ee9c00 (10 bytes)
1675358022.666572 sending message 112 to peer 0x557877ee9c00 (10 bytes)
1675358022.666586 sending message 112 to peer 0x557877ee9c00 (10 bytes)
1675358022.666623 sending message 112 to peer 0x557877ee9c00 (10 bytes)
1675358022.666639 sending message 112 to peer 0x557877ee9c00 (11 bytes)
1675358022.666654 sending message 112 to peer 0x557877ee9c00 (12 bytes)
1675358022.666668 sending message 112 to peer 0x557877ee9c00 (12 bytes)
1675358022.666682 sending message 112 to peer 0x557877ee9c00 (12 bytes)
1675358022.666697 sending message 112 to peer 0x557877ee9c00 (12 bytes)
1675358022.666713 sending message 112 to peer 0x557877ee9c00 (12 bytes)
1675358022.666727 sending message 112 to peer 0x557877ee9c00 (11 bytes)
1675358022.666740 sending message 112 to peer 0x557877ee9c00 (11 bytes)
1675358022.666754 sending message 112 to peer 0x557877ee9c00 (12 bytes)
1675358022.666769 sending message 112 to peer 0x557877ee9c00 (12 bytes)
1675358022.666786 sending message 112 to peer 0x557877ee9c00 (12 bytes)
1675358022.666800 sending message 112 to peer 0x557877ee9c00 (12 bytes)
1675358022.666814 sending message 112 to peer 0x557877ee9c00 (12 bytes)
1675358022.666827 sending message 112 to peer 0x557877ee9c00 (10 bytes)
1675358022.666842 sending message 112 to peer 0x557877ee9c00 (12 bytes)
1675358022.666858 sending message 112 to peer 0x557877ee9c00 (13 bytes)
1675358022.666872 sending message 112 to peer 0x557877ee9c00 (13 bytes)
1675358022.666885 sending message 112 to peer 0x557877ee9c00 (13 bytes)
1675358022.666899 sending message 112 to peer 0x557877ee9c00 (13 bytes)
1675358022.666913 sending message 112 to peer 0x557877ee9c00 (13 bytes)
1675358022.666926 sending message 112 to peer 0x557877ee9c00 (8 bytes)
1675358022.666939 sending message 112 to peer 0x557877ee9c00 (11 bytes)
1675358022.666956 sending message 112 to peer 0x557877ee9c00 (11 bytes)
1675358022.666970 sending message 112 to peer 0x557877ee9c00 (11 bytes)
1675358022.666986 sending message 112 to peer 0x557877ee9c00 (12 bytes)
1675358022.666998 sending message 112 to peer 0x557877ee9c00 (12 bytes)
1675358022.667013 sending message 112 to peer 0x557877ee9c00 (12 bytes)
1675358022.667028 sending message 112 to peer 0x557877ee9c00 (12 bytes)
1675358022.667043 sending message 112 to peer 0x557877ee9c00 (13 bytes)
1675358022.667057 sending message 112 to peer 0x557877ee9c00 (13 bytes)
1675358022.667070 sending message 112 to peer 0x557877ee9c00 (13 bytes)
1675358022.667088 sending message 112 to peer 0x557877ee9c00 (8 bytes)
1675358022.667101 sending message 112 to peer 0x557877ee9c00 (13 bytes)
1675358022.667115 sending message 112 to peer 0x557877ee9c00 (13 bytes)
1675358022.667130 sending message 112 to peer 0x557877ee9c00 (13 bytes)
1675358022.667142 sending message 112 to peer 0x557877ee9c00 (13 bytes)
1675358022.667155 sending message 112 to peer 0x557877ee9c00 (13 bytes)
1675358022.667169 sending message 112 to peer 0x557877ee9c00 (12 bytes)
1675358022.667184 sending message 112 to peer 0x557877ee9c00 (12 bytes)
1675358022.667200 sending message 112 to peer 0x557877ee9c00 (12 bytes)
1675358022.667213 sending message 112 to peer 0x557877ee9c00 (12 bytes)
1675358022.667228 sending message 112 to peer 0x557877ee9c00 (13 bytes)
1675358022.667241 sending message 112 to peer 0x557877ee9c00 (8 bytes)
1675358022.667254 sending message 112 to peer 0x557877ee9c00 (13 bytes)
1675358022.667268 sending message 112 to peer 0x557877ee9c00 (13 bytes)
1675358022.667282 sending message 112 to peer 0x557877ee9c00 (13 bytes)
1675358022.667295 sending message 112 to peer 0x557877ee9c00 (13 bytes)
1675358022.667308 sending message 112 to peer 0x557877ee9c00 (13 bytes)
1675358022.667323 sending message 112 to peer 0x557877ee9c00 (13 bytes)
1675358022.667335 sending message 112 to peer 0x557877ee9c00 (13 bytes)
1675358022.667347 sending message 112 to peer 0x557877ee9c00 (12 bytes)
1675358022.667362 sending message 112 to peer 0x557877ee9c00 (12 bytes)
1675358022.667375 sending message 112 to peer 0x557877ee9c00 (12 bytes)
1675358022.667391 sending message 112 to peer 0x557877ee9c00 (8 bytes)
1675358022.667404 sending message 112 to peer 0x557877ee9c00 (12 bytes)
1675358022.667419 sending message 112 to peer 0x557877ee9c00 (13 bytes)
1675358022.667446 sending message 112 to peer 0x557877ee9c00 (13 bytes)
1675358022.667460 sending message 112 to peer 0x557877ee9c00 (13 bytes)
1675358022.667474 sending message 112 to peer 0x557877ee9c00 (13 bytes)
1675358022.667488 sending message 112 to peer 0x557877ee9c00 (13 bytes)
1675358022.667502 sending message 112 to peer 0x557877ee9c00 (13 bytes)
1675358022.667518 sending message 112 to peer 0x557877ee9c00 (13 bytes)
1675358022.667531 sending message 112 to peer 0x557877ee9c00 (13 bytes)
1675358022.667545 sending message 112 to peer 0x557877ee9c00 (12 bytes)
1675358022.667559 sending message 112 to peer 0x557877ee9c00 (10 bytes)
1675358022.667572 sending message 112 to peer 0x557877ee9c00 (12 bytes)
1675358022.667588 sending message 112 to peer 0x557877ee9c00 (12 bytes)
1675358022.667602 sending message 112 to peer 0x557877ee9c00 (12 bytes)
1675358022.667615 sending message 112 to peer 0x557877ee9c00 (13 bytes)
1675358022.667630 sending message 112 to peer 0x557877ee9c00 (13 bytes)
1675358022.667643 sending message 112 to peer 0x557877ee9c00 (13 bytes)
1675358022.667657 sending message 112 to peer 0x557877ee9c00 (13 bytes)
1675358022.667672 sending message 112 to peer 0x557877ee9c00 (13 bytes)
1675358022.667685 sending message 112 to peer 0x557877ee9c00 (13 bytes)
1675358022.667697 sending message 112 to peer 0x557877ee9c00 (13 bytes)
1675358022.667711 sending message 112 to peer 0x557877ee9c00 (10 bytes)
1675358022.667724 sending message 112 to peer 0x557877ee9c00 (13 bytes)
1675358022.667737 sending message 112 to peer 0x557877ee9c00 (12 bytes)
1675358022.667750 sending message 112 to peer 0x557877ee9c00 (12 bytes)
1675358022.667763 sending message 112 to peer 0x557877ee9c00 (12 bytes)
1675358022.667777 sending message 112 to peer 0x557877ee9c00 (10 bytes)
1675358022.667791 sending message 112 to peer 0x557877ee9c00 (10 bytes)
1675358022.667805 sending message 112 to peer 0x557877ee9c00 (10 bytes)
1675358022.667818 sending message 112 to peer 0x557877ee9c00 (12 bytes)
1675358022.667834 sending message 112 to peer 0x557877ee9c00 (13 bytes)
1675358022.667848 sending message 112 to peer 0x557877ee9c00 (13 bytes)
1675358022.667865 sending message 112 to peer 0x557877ee9c00 (13 bytes)
1675358022.667882 sending message 112 to peer 0x557877ee9c00 (13 bytes)
1675358022.667898 sending message 112 to peer 0x557877ee9c00 (13 bytes)
1675358022.667915 sending message 112 to peer 0x557877ee9c00 (11 bytes)
1675358022.667928 sending message 112 to peer 0x557877ee9c00 (11 bytes)
1675358022.667944 sending message 112 to peer 0x557877ee9c00 (12 bytes)
1675358022.667960 sending message 112 to peer 0x557877ee9c00 (12 bytes)
1675358022.667974 sending message 112 to peer 0x557877ee9c00 (12 bytes)
1675358022.667991 sending message 112 to peer 0x557877ee9c00 (12 bytes)
1675358022.668004 sending message 112 to peer 0x557877ee9c00 (12 bytes)
1675358022.668018 sending message 112 to peer 0x557877ee9c00 (11 bytes)
1675358022.668030 sending message 112 to peer 0x557877ee9c00 (12 bytes)
1675358022.668043 sending message 112 to peer 0x557877ee9c00 (12 bytes)
1675358022.668062 sending message 112 to peer 0x557877ee9c00 (13 bytes)
1675358022.668077 sending message 112 to peer 0x557877ee9c00 (13 bytes)
1675358022.668091 sending message 112 to peer 0x557877ee9c00 (13 bytes)
1675358022.668104 sending message 112 to peer 0x557877ee9c00 (13 bytes)
1675358022.668118 sending message 112 to peer 0x557877ee9c00 (13 bytes)
1675358022.668131 sending message 112 to peer 0x557877ee9c00 (10 bytes)
1675358022.668145 sending message 112 to peer 0x557877ee9c00 (9 bytes)
1675358022.668160 sending message 112 to peer 0x557877ee9c00 (12 bytes)
1675358022.668172 sending message 112 to peer 0x557877ee9c00 (13 bytes)
1675358022.668186 sending message 112 to peer 0x557877ee9c00 (13 bytes)
1675358022.668202 sending message 112 to peer 0x557877ee9c00 (13 bytes)
1675358022.668216 sending message 112 to peer 0x557877ee9c00 (13 bytes)
1675358022.668229 sending message 112 to peer 0x557877ee9c00 (13 bytes)
1675358022.668286 sending message 112 to peer 0x557877ee9c00 (9 bytes)
1675358022.668306 sending message 112 to peer 0x557877ee9c00 (12 bytes)
1675358022.668318 sending message 112 to peer 0x557877ee9c00 (13 bytes)
1675358022.668332 sending message 112 to peer 0x557877ee9c00 (13 bytes)
1675358022.668347 sending message 112 to peer 0x557877ee9c00 (13 bytes)
1675358022.668359 sending message 112 to peer 0x557877ee9c00 (13 bytes)
1675358022.668371 sending message 112 to peer 0x557877ee9c00 (13 bytes)
1675358022.668382 sending message 112 to peer 0x557877ee9c00 (11 bytes)
1675358022.668396 sending message 112 to peer 0x557877ee9c00 (12 bytes)
1675358022.668410 sending message 112 to peer 0x557877ee9c00 (13 bytes)
1675358022.668423 sending message 112 to peer 0x557877ee9c00 (13 bytes)
1675358022.668435 sending message 112 to peer 0x557877ee9c00 (13 bytes)
1675358022.668447 sending message 112 to peer 0x557877ee9c00 (13 bytes)
1675358022.668460 sending message 112 to peer 0x557877ee9c00 (13 bytes)
1675358022.668473 sending message 112 to peer 0x557877ee9c00 (11 bytes)
1675358022.668487 sending message 112 to peer 0x557877ee9c00 (12 bytes)
1675358022.668501 sending message 112 to peer 0x557877ee9c00 (12 bytes)
1675358022.668512 sending message 112 to peer 0x557877ee9c00 (12 bytes)
1675358022.668525 sending message 112 to peer 0x557877ee9c00 (12 bytes)
1675358022.668538 sending message 112 to peer 0x557877ee9c00 (12 bytes)
1675358022.668552 sending message 112 to peer 0x557877ee9c00 (21 bytes)
1675358022.668564 sending message 112 to peer 0x557877ee9c00 (12 bytes)
1675358022.668575 sending message 112 to peer 0x557877ee9c00 (9 bytes)
1675358022.668588 sending message 112 to peer 0x557877ee9c00 (6 bytes)
1675358022.668603 sending message 112 to peer 0x557877ee9c00 (13 bytes)
1675358022.668614 sending message 112 to peer 0x557877ee9c00 (8 bytes)
1675358022.668628 sending message 112 to peer 0x557877ee9c00 (15 bytes)
1675358022.668639 sending message 112 to peer 0x557877ee9c00 (13 bytes)
1675358022.668660 sending message 112 to peer 0x557877ee9c00 (9 bytes)
1675358022.668673 sending message 112 to peer 0x557877ee9c00 (70 bytes)
1675358022.668687 sending message 112 to peer 0x557877ee9c00 (69 bytes)
1675358022.668704 sending message 112 to peer 0x557877ee9c00 (10 bytes)
1675358022.668721 sending message 112 to peer 0x557877ee9c00 (10 bytes)
1675358022.668732 sending message 112 to peer 0x557877ee9c00 (8 bytes)
1675358022.668745 sending message 112 to peer 0x557877ee9c00 (15 bytes)
1675358022.668758 sending message 112 to peer 0x557877ee9c00 (13 bytes)
1675358022.668772 sending message 112 to peer 0x557877ee9c00 (10 bytes)
1675358022.668783 sending message 112 to peer 0x557877ee9c00 (10 bytes)
1675358022.668795 sending message 112 to peer 0x557877ee9c00 (17 bytes)
1675358022.668807 sending message 112 to peer 0x557877ee9c00 (10 bytes)
1675358022.668818 sending message 112 to peer 0x557877ee9c00 (13 bytes)
1675358022.668829 sending message 112 to peer 0x557877ee9c00 (9 bytes)
1675358022.668840 sending message 112 to peer 0x557877ee9c00 (5 bytes)
1675358022.668861 sending message 112 to peer 0x557877ee9c00 (15 bytes)
1675358022.668874 sending message 104 to peer 0x557877ee9c00 (0 bytes)
1675358022.668887 sending message 110 to peer 0x557877ee9c00 (0 bytes)
1675358022.668899 sending message 107 to peer 0x557877ee9c00 (4 bytes)
1675358022.668910 sending message 105 to peer 0x557877ee9c00 (16 bytes)
1675358022.668926 sending message 105 to peer 0x557877ee9c00 (32 bytes)
1675358022.668939 sending message 105 to peer 0x557877ee9c00 (78 bytes)
1675358022.668952 sending message 105 to peer 0x557877ee9c00 (19 bytes)
1675358022.668964 sending message 105 to peer 0x557877ee9c00 (20 bytes)
1675358022.668976 sending message 105 to peer 0x557877ee9c00 (8 bytes)
1675358022.668987 sending message 105 to peer 0x557877ee9c00 (23 bytes)
1675358022.669000 sending message 105 to peer 0x557877ee9c00 (26 bytes)
1675358022.669011 sending message 105 to peer 0x557877ee9c00 (44 bytes)
1675358022.669023 sending message 105 to peer 0x557877ee9c00 (32 bytes)
1675358022.669033 sending message 105 to peer 0x557877ee9c00 (27 bytes)
1675358022.669056 sending message 105 to peer 0x557877ee9c00 (10 bytes)
1675358022.669074 sending message 105 to peer 0x557877ee9c00 (18 bytes)
1675358022.669087 sending message 105 to peer 0x557877ee9c00 (30 bytes)
1675358022.669098 sending message 105 to peer 0x557877ee9c00 (38 bytes)
1675358022.669110 sending message 105 to peer 0x557877ee9c00 (30 bytes)
1675358022.669122 sending message 105 to peer 0x557877ee9c00 (45 bytes)
1675358022.669141 sending message 105 to peer 0x557877ee9c00 (20 bytes)
1675358022.669155 sending message 105 to peer 0x557877ee9c00 (22 bytes)
1675358022.669165 sending message 105 to peer 0x557877ee9c00 (19 bytes)
1675358022.669177 sending message 105 to peer 0x557877ee9c00 (22 bytes)
1675358022.669190 sending message 105 to peer 0x557877ee9c00 (28 bytes)
1675358022.669202 sending message 105 to peer 0x557877ee9c00 (30 bytes)
1675358022.669214 sending message 105 to peer 0x557877ee9c00 (48 bytes)
1675358022.669225 sending message 105 to peer 0x557877ee9c00 (26 bytes)
1675358022.669236 sending message 105 to peer 0x557877ee9c00 (13 bytes)
1675358022.669249 sending message 105 to peer 0x557877ee9c00 (27 bytes)
1675358022.669259 sending message 105 to peer 0x557877ee9c00 (21 bytes)
1675358022.669273 sending message 105 to peer 0x557877ee9c00 (49 bytes)
1675358022.669285 sending message 105 to peer 0x557877ee9c00 (22 bytes)
1675358022.669298 sending message 105 to peer 0x557877ee9c00 (38 bytes)
1675358022.669312 sending message 105 to peer 0x557877ee9c00 (13 bytes)
1675358022.669326 sending message 105 to peer 0x557877ee9c00 (35 bytes)
1675358022.669342 sending message 105 to peer 0x557877ee9c00 (15 bytes)
1675358022.669355 sending message 105 to peer 0x557877ee9c00 (11 bytes)
1675358022.669365 sending message 105 to peer 0x557877ee9c00 (14 bytes)
1675358022.669377 sending message 105 to peer 0x557877ee9c00 (11 bytes)
1675358022.669393 sending message 105 to peer 0x557877ee9c00 (1764 bytes)
1675358022.669446 sending message 105 to peer 0x557877ee9c00 (26 bytes)
1675358022.669461 sending message 105 to peer 0x557877ee9c00 (17 bytes)
1675358022.669483 sending message 105 to peer 0x557877ee9c00 (29 bytes)
1675358022.669495 sending message 105 to peer 0x557877ee9c00 (47 bytes)
1675358022.669508 sending message 105 to peer 0x557877ee9c00 (16 bytes)
1675358022.669519 sending message 105 to peer 0x557877ee9c00 (34 bytes)
1675358022.669529 sending message 105 to peer 0x557877ee9c00 (23 bytes)
1675358022.669541 sending message 105 to peer 0x557877ee9c00 (19 bytes)
1675358022.669558 sending message 105 to peer 0x557877ee9c00 (32 bytes)
1675358022.669570 sending message 105 to peer 0x557877ee9c00 (10 bytes)
1675358022.669581 sending message 105 to peer 0x557877ee9c00 (13 bytes)
1675358022.669591 sending message 105 to peer 0x557877ee9c00 (11 bytes)
1675358022.669603 sending message 105 to peer 0x557877ee9c00 (8 bytes)
1675358022.669614 sending message 105 to peer 0x557877ee9c00 (11 bytes)
1675358022.669628 sending message 105 to peer 0x557877ee9c00 (18 bytes)
1675358022.669641 sending message 105 to peer 0x557877ee9c00 (85 bytes)
1675358022.669656 sending message 105 to peer 0x557877ee9c00 (46 bytes)
1675358022.669673 sending message 105 to peer 0x557877ee9c00 (15 bytes)
1675358022.669686 sending message 105 to peer 0x557877ee9c00 (28 bytes)
1675358022.669697 sending message 105 to peer 0x557877ee9c00 (30 bytes)
1675358022.669712 sending message 105 to peer 0x557877ee9c00 (23 bytes)
1675358022.669726 sending message 105 to peer 0x557877ee9c00 (61 bytes)
1675358022.669738 sending message 105 to peer 0x557877ee9c00 (103 bytes)
1675358022.669749 sending message 105 to peer 0x557877ee9c00 (46 bytes)
1675358022.669761 sending message 105 to peer 0x557877ee9c00 (17 bytes)
1675358022.669774 sending message 105 to peer 0x557877ee9c00 (14 bytes)
1675358022.669786 sending message 105 to peer 0x557877ee9c00 (89 bytes)
1675358022.669800 sending message 105 to peer 0x557877ee9c00 (67 bytes)
1675358022.669812 sending message 105 to peer 0x557877ee9c00 (21 bytes)
1675358022.669839 sending message 105 to peer 0x557877ee9c00 (18 bytes)
1675358022.669851 sending message 105 to peer 0x557877ee9c00 (16 bytes)
1675358022.669863 sending message 105 to peer 0x557877ee9c00 (40 bytes)
1675358022.669875 sending message 106 to peer 0x557877ee9c00 (0 bytes)
1675358022.670030 sending message 200 to peer 0x557877ee9c00 (4 bytes)
1675358022.670059 client loop enter
1675358022.670523 peer 0x557877ee9c00 message 303
1675358022.670552 open write file 2 -
1675358022.670572 sending message 305 to peer 0x557877ee9c00 (8 bytes)
1675358022.670591 write check file 2
1675358022.670882 peer 0x557877ee9c00 message 304
1675358022.670898 write 58 to file 2
1675358022.670908 peer 0x557877ee9c00 message 203
1675358022.670916 file 2 58 bytes left
1675358022.670940 write check file 2
1675358022.670960 client loop exit
